<?xml version="1.0" encoding="UTF-8"?>
<!-- Generated by org.testng.reporters.JUnitXMLReporter -->
<testsuite ignored="0" hostname="ucreate73" failures="0" tests="9" name="VerifyHomepageUI" time="26.217" errors="0" timestamp="07 Dec 2018 10:25:22 GMT">
  <testcase classname="UITesting.HomePageUI" name="getCssValue_TextFontSize_haveyour" time="0.046"/>
  <testcase classname="UITesting.HomePageUI" name="getCssValue__TextFontFamily_haveyour" time="0.035"/>
  <testcase classname="UITesting.HomePageUI" name="getCssValue_TextColor_haveyour" time="0.037"/>
  <testcase classname="UITesting.HomePageUI" name="getCssValue_TextFontSize_findsupplier" time="0.046"/>
  <testcase classname="UITesting.HomePageUI" name="getCssValue__TextFontFamily_findsupplier" time="0.033"/>
  <testcase classname="UITesting.HomePageUI" name="getCssValue_TextColor_findsupplier" time="0.033"/>
  <testcase classname="UITesting.HomePageUI" name="getCssValue_TextFontSize_contract" time="0.041"/>
  <testcase classname="UITesting.HomePageUI" name="getCssValue__TextFontFamily_contract" time="0.051"/>
  <testcase classname="UITesting.HomePageUI" name="getCssValue_TextColor_contract" time="0.039"/>
</testsuite> <!-- VerifyHomepageUI -->
