<?xml version="1.0" encoding="UTF-8"?>
<!-- Generated by org.testng.reporters.JUnitXMLReporter -->
<testsuite ignored="0" hostname="ucreate73" failures="1" tests="1" name="VerifyLoginScenarios" time="18.444" errors="0" timestamp="07 Dec 2018 10:25:40 GMT">
  <testcase classname="com.TestCases.VerifyLoginScenarios" name="loginScenarios" time="16.37">
    <failure type="java.lang.AssertionError" message="expected [] but found [Please enter email address]">
      <![CDATA[java.lang.AssertionError: expected [] but found [Please enter email address]
at com.pages.CreateLoginscenarios.VerifyRequiredEmailValidation(CreateLoginscenarios.java:70)
at com.TestCases.VerifyLoginScenarios.loginScenarios(VerifyLoginScenarios.java:29)
... Removed 34 stack frames]]>
    </failure>
  </testcase> <!-- loginScenarios -->
</testsuite> <!-- VerifyLoginScenarios -->
