<?xml version="1.0" encoding="UTF-8"?>
<testng-results ignored="0" total="9" passed="9" failed="0" skipped="0">
  <reporter-output>
  </reporter-output>
  <suite started-at="2018-12-14T05:18:45Z" name="Workflow UBREW" finished-at="2018-12-14T05:19:02Z" duration-ms="16318">
    <groups>
    </groups>
    <test started-at="2018-12-14T05:18:45Z" name="VerifyHomepageUI" finished-at="2018-12-14T05:19:02Z" duration-ms="16318">
      <class name="UITesting.HomePageUI">
        <test-method is-config="true" signature="launchBrowser()[pri:0, instance:UITesting.HomePageUI@75db5df9]" started-at="2018-12-14T05:18:45Z" name="launchBrowser" finished-at="2018-12-14T05:19:01Z" duration-ms="15926" status="PASS">
          <reporter-output>
          </reporter-output>
        </test-method> <!-- launchBrowser -->
        <test-method signature="getCssValue_TextFontSize_haveyour()[pri:5, instance:UITesting.HomePageUI@75db5df9]" started-at="2018-12-14T05:19:01Z" name="getCssValue_TextFontSize_haveyour" finished-at="2018-12-14T05:19:01Z" duration-ms="51" status="PASS">
          <reporter-output>
          </reporter-output>
        </test-method> <!-- getCssValue_TextFontSize_haveyour -->
        <test-method signature="getCssValue__TextFontFamily_haveyour()[pri:6, instance:UITesting.HomePageUI@75db5df9]" started-at="2018-12-14T05:19:01Z" name="getCssValue__TextFontFamily_haveyour" finished-at="2018-12-14T05:19:02Z" duration-ms="34" status="PASS">
          <reporter-output>
          </reporter-output>
        </test-method> <!-- getCssValue__TextFontFamily_haveyour -->
        <test-method signature="getCssValue_TextColor_haveyour()[pri:7, instance:UITesting.HomePageUI@75db5df9]" started-at="2018-12-14T05:19:02Z" name="getCssValue_TextColor_haveyour" finished-at="2018-12-14T05:19:02Z" duration-ms="37" status="PASS">
          <reporter-output>
          </reporter-output>
        </test-method> <!-- getCssValue_TextColor_haveyour -->
        <test-method signature="getCssValue_TextFontSize_findsupplier()[pri:8, instance:UITesting.HomePageUI@75db5df9]" started-at="2018-12-14T05:19:02Z" name="getCssValue_TextFontSize_findsupplier" finished-at="2018-12-14T05:19:02Z" duration-ms="43" status="PASS">
          <reporter-output>
          </reporter-output>
        </test-method> <!-- getCssValue_TextFontSize_findsupplier -->
        <test-method signature="getCssValue__TextFontFamily_findsupplier()[pri:9, instance:UITesting.HomePageUI@75db5df9]" started-at="2018-12-14T05:19:02Z" name="getCssValue__TextFontFamily_findsupplier" finished-at="2018-12-14T05:19:02Z" duration-ms="42" status="PASS">
          <reporter-output>
          </reporter-output>
        </test-method> <!-- getCssValue__TextFontFamily_findsupplier -->
        <test-method signature="getCssValue_TextColor_findsupplier()[pri:10, instance:UITesting.HomePageUI@75db5df9]" started-at="2018-12-14T05:19:02Z" name="getCssValue_TextColor_findsupplier" finished-at="2018-12-14T05:19:02Z" duration-ms="35" status="PASS">
          <reporter-output>
          </reporter-output>
        </test-method> <!-- getCssValue_TextColor_findsupplier -->
        <test-method signature="getCssValue_TextFontSize_contract()[pri:11, instance:UITesting.HomePageUI@75db5df9]" started-at="2018-12-14T05:19:02Z" name="getCssValue_TextFontSize_contract" finished-at="2018-12-14T05:19:02Z" duration-ms="43" status="PASS">
          <reporter-output>
          </reporter-output>
        </test-method> <!-- getCssValue_TextFontSize_contract -->
        <test-method signature="getCssValue__TextFontFamily_contract()[pri:12, instance:UITesting.HomePageUI@75db5df9]" started-at="2018-12-14T05:19:02Z" name="getCssValue__TextFontFamily_contract" finished-at="2018-12-14T05:19:02Z" duration-ms="42" status="PASS">
          <reporter-output>
          </reporter-output>
        </test-method> <!-- getCssValue__TextFontFamily_contract -->
        <test-method signature="getCssValue_TextColor_contract()[pri:13, instance:UITesting.HomePageUI@75db5df9]" started-at="2018-12-14T05:19:02Z" name="getCssValue_TextColor_contract" finished-at="2018-12-14T05:19:02Z" duration-ms="41" status="PASS">
          <reporter-output>
          </reporter-output>
        </test-method> <!-- getCssValue_TextColor_contract -->
      </class> <!-- UITesting.HomePageUI -->
    </test> <!-- VerifyHomepageUI -->
  </suite> <!-- Workflow UBREW -->
</testng-results>
