<?xml version="1.0" encoding="UTF-8"?>
<testng-results ignored="0" total="10" passed="10" failed="0" skipped="0">
  <reporter-output>
  </reporter-output>
  <suite started-at="2018-12-12T10:02:48Z" name="Workflow UBREW" finished-at="2018-12-12T10:03:37Z" duration-ms="49468">
    <groups>
    </groups>
    <test started-at="2018-12-12T10:02:48Z" name="VerifyHomepageUI" finished-at="2018-12-12T10:03:06Z" duration-ms="18299">
      <class name="UITesting.HomePageUI">
        <test-method is-config="true" signature="launchBrowser()[pri:0, instance:UITesting.HomePageUI@75db5df9]" started-at="2018-12-12T10:02:48Z" name="launchBrowser" finished-at="2018-12-12T10:03:06Z" duration-ms="17907" status="PASS">
          <reporter-output>
          </reporter-output>
        </test-method> <!-- launchBrowser -->
        <test-method signature="getCssValue_TextFontSize_haveyour()[pri:5, instance:UITesting.HomePageUI@75db5df9]" started-at="2018-12-12T10:03:06Z" name="getCssValue_TextFontSize_haveyour" finished-at="2018-12-12T10:03:06Z" duration-ms="41" status="PASS">
          <reporter-output>
          </reporter-output>
        </test-method> <!-- getCssValue_TextFontSize_haveyour -->
        <test-method signature="getCssValue__TextFontFamily_haveyour()[pri:6, instance:UITesting.HomePageUI@75db5df9]" started-at="2018-12-12T10:03:06Z" name="getCssValue__TextFontFamily_haveyour" finished-at="2018-12-12T10:03:06Z" duration-ms="36" status="PASS">
          <reporter-output>
          </reporter-output>
        </test-method> <!-- getCssValue__TextFontFamily_haveyour -->
        <test-method signature="getCssValue_TextColor_haveyour()[pri:7, instance:UITesting.HomePageUI@75db5df9]" started-at="2018-12-12T10:03:06Z" name="getCssValue_TextColor_haveyour" finished-at="2018-12-12T10:03:06Z" duration-ms="36" status="PASS">
          <reporter-output>
          </reporter-output>
        </test-method> <!-- getCssValue_TextColor_haveyour -->
        <test-method signature="getCssValue_TextFontSize_findsupplier()[pri:8, instance:UITesting.HomePageUI@75db5df9]" started-at="2018-12-12T10:03:06Z" name="getCssValue_TextFontSize_findsupplier" finished-at="2018-12-12T10:03:06Z" duration-ms="45" status="PASS">
          <reporter-output>
          </reporter-output>
        </test-method> <!-- getCssValue_TextFontSize_findsupplier -->
        <test-method signature="getCssValue__TextFontFamily_findsupplier()[pri:9, instance:UITesting.HomePageUI@75db5df9]" started-at="2018-12-12T10:03:06Z" name="getCssValue__TextFontFamily_findsupplier" finished-at="2018-12-12T10:03:06Z" duration-ms="46" status="PASS">
          <reporter-output>
          </reporter-output>
        </test-method> <!-- getCssValue__TextFontFamily_findsupplier -->
        <test-method signature="getCssValue_TextColor_findsupplier()[pri:10, instance:UITesting.HomePageUI@75db5df9]" started-at="2018-12-12T10:03:06Z" name="getCssValue_TextColor_findsupplier" finished-at="2018-12-12T10:03:06Z" duration-ms="39" status="PASS">
          <reporter-output>
          </reporter-output>
        </test-method> <!-- getCssValue_TextColor_findsupplier -->
        <test-method signature="getCssValue_TextFontSize_contract()[pri:11, instance:UITesting.HomePageUI@75db5df9]" started-at="2018-12-12T10:03:06Z" name="getCssValue_TextFontSize_contract" finished-at="2018-12-12T10:03:06Z" duration-ms="44" status="PASS">
          <reporter-output>
          </reporter-output>
        </test-method> <!-- getCssValue_TextFontSize_contract -->
        <test-method signature="getCssValue__TextFontFamily_contract()[pri:12, instance:UITesting.HomePageUI@75db5df9]" started-at="2018-12-12T10:03:06Z" name="getCssValue__TextFontFamily_contract" finished-at="2018-12-12T10:03:06Z" duration-ms="36" status="PASS">
          <reporter-output>
          </reporter-output>
        </test-method> <!-- getCssValue__TextFontFamily_contract -->
        <test-method signature="getCssValue_TextColor_contract()[pri:13, instance:UITesting.HomePageUI@75db5df9]" started-at="2018-12-12T10:03:06Z" name="getCssValue_TextColor_contract" finished-at="2018-12-12T10:03:06Z" duration-ms="36" status="PASS">
          <reporter-output>
          </reporter-output>
        </test-method> <!-- getCssValue_TextColor_contract -->
      </class> <!-- UITesting.HomePageUI -->
    </test> <!-- VerifyHomepageUI -->
    <test started-at="2018-12-12T10:03:06Z" name="VerifyLoginScenarios" finished-at="2018-12-12T10:03:37Z" duration-ms="31138">
      <class name="com.TestCases.VerifyLoginScenarios">
        <test-method signature="loginScenarios()[pri:0, instance:com.TestCases.VerifyLoginScenarios@31f9b85e]" started-at="2018-12-12T10:03:06Z" name="loginScenarios" finished-at="2018-12-12T10:03:35Z" duration-ms="29052" status="PASS">
          <reporter-output>
          </reporter-output>
        </test-method> <!-- loginScenarios -->
        <test-method is-config="true" signature="tearDown()[pri:0, instance:com.TestCases.VerifyLoginScenarios@31f9b85e]" started-at="2018-12-12T10:03:35Z" name="tearDown" finished-at="2018-12-12T10:03:37Z" duration-ms="2083" status="PASS">
          <reporter-output>
          </reporter-output>
        </test-method> <!-- tearDown -->
      </class> <!-- com.TestCases.VerifyLoginScenarios -->
    </test> <!-- VerifyLoginScenarios -->
  </suite> <!-- Workflow UBREW -->
</testng-results>
