<?xml version="1.0" encoding="UTF-8"?>
<testsuite name="TestSuite" time="28.675" tests="1" errors="0" skipped="0" failures="1">
  <properties>
[...]
</properties>
  <testcase name="loginScenarios" classname="com.TestCases.VerifyLoginScenarios" time="28.675">
    <failure message="expected [] but found [Please enter email address]" type="java.lang.AssertionError">java.lang.AssertionError: expected [] but found [Please enter email address]
	at org.testng.Assert.fail(Assert.java:96)
	at org.testng.Assert.failNotEquals(Assert.java:776)
	at org.testng.Assert.assertEqualsImpl(Assert.java:137)
	at org.testng.Assert.assertEquals(Assert.java:118)
	at org.testng.Assert.assertEquals(Assert.java:453)
	at org.testng.Assert.assertEquals(Assert.java:463)
	at com.pages.CreateLoginscenarios.VerifyRequiredEmailValidation(CreateLoginscenarios.java:70)
	at com.TestCases.VerifyLoginScenarios.loginScenarios(VerifyLoginScenarios.java:29)
</failure>
    <system-err><![CDATA[Starting ChromeDriver 2.41.578700 (2f1ed5f9343c13f73144538f15c00b370eda6706) on port 1179
Only local connections are allowed.
Dec 07, 2018 5:18:30 PM org.openqa.selenium.remote.ProtocolHandshake createSession
INFO: Detected dialect: OSS
]]></system-err>
  </testcase>
</testsuite>