<?xml version="1.0" encoding="UTF-8"?>
<testng-results ignored="0" total="1" passed="1" failed="0" skipped="0">
  <reporter-output>
  </reporter-output>
  <suite started-at="2018-12-07T12:05:03Z" name="Workflow UBREW" finished-at="2018-12-07T12:05:35Z" duration-ms="32356">
    <groups>
    </groups>
    <test started-at="2018-12-07T12:05:03Z" name="VerifyLoginScenarios" finished-at="2018-12-07T12:05:35Z" duration-ms="32356">
      <class name="com.TestCases.VerifyLoginScenarios">
        <test-method signature="loginScenarios()[pri:0, instance:com.TestCases.VerifyLoginScenarios@7770f470]" started-at="2018-12-07T12:05:03Z" name="loginScenarios" finished-at="2018-12-07T12:05:33Z" duration-ms="30251" status="PASS">
          <reporter-output>
          </reporter-output>
        </test-method> <!-- loginScenarios -->
        <test-method is-config="true" signature="tearDown()[pri:0, instance:com.TestCases.VerifyLoginScenarios@7770f470]" started-at="2018-12-07T12:05:33Z" name="tearDown" finished-at="2018-12-07T12:05:35Z" duration-ms="2084" status="PASS">
          <reporter-output>
          </reporter-output>
        </test-method> <!-- tearDown -->
      </class> <!-- com.TestCases.VerifyLoginScenarios -->
    </test> <!-- VerifyLoginScenarios -->
  </suite> <!-- Workflow UBREW -->
</testng-results>
