<?xml version="1.0" encoding="UTF-8"?>
<!-- Generated by org.testng.reporters.JUnitXMLReporter -->
<testsuite ignored="0" hostname="ucreate73" failures="0" tests="9" name="VerifyHomepageUI" time="13.312" errors="0" timestamp="07 Dec 2018 04:39:23 GMT">
  <testcase classname="UITesting.HomePageUI" name="getCssValue_TextFontSize_haveyour" time="0.036"/>
  <testcase classname="UITesting.HomePageUI" name="getCssValue__TextFontFamily_haveyour" time="0.029"/>
  <testcase classname="UITesting.HomePageUI" name="getCssValue_TextColor_haveyour" time="0.039"/>
  <testcase classname="UITesting.HomePageUI" name="getCssValue_TextFontSize_findsupplier" time="0.038"/>
  <testcase classname="UITesting.HomePageUI" name="getCssValue__TextFontFamily_findsupplier" time="0.03"/>
  <testcase classname="UITesting.HomePageUI" name="getCssValue_TextColor_findsupplier" time="0.041"/>
  <testcase classname="UITesting.HomePageUI" name="getCssValue_TextFontSize_contract" time="0.04"/>
  <testcase classname="UITesting.HomePageUI" name="getCssValue__TextFontFamily_contract" time="0.029"/>
  <testcase classname="UITesting.HomePageUI" name="getCssValue_TextColor_contract" time="0.033"/>
</testsuite> <!-- VerifyHomepageUI -->
