<?xml version="1.0" encoding="UTF-8"?>
<testng-results ignored="0" total="1" passed="1" failed="0" skipped="0">
  <reporter-output>
  </reporter-output>
  <suite started-at="2018-12-07T07:56:44Z" name="Default suite" finished-at="2018-12-07T07:57:25Z" duration-ms="40381">
    <groups>
    </groups>
    <test started-at="2018-12-07T07:56:44Z" name="Default test" finished-at="2018-12-07T07:57:25Z" duration-ms="40381">
      <class name="com.TestCases.VerifyLoginScenarios">
        <test-method signature="loginScenarios()[pri:0, instance:com.TestCases.VerifyLoginScenarios@672872e1]" started-at="2018-12-07T07:56:44Z" name="loginScenarios" finished-at="2018-12-07T07:57:22Z" duration-ms="38247" status="PASS">
          <reporter-output>
          </reporter-output>
        </test-method> <!-- loginScenarios -->
        <test-method is-config="true" signature="tearDown()[pri:0, instance:com.TestCases.VerifyLoginScenarios@672872e1]" started-at="2018-12-07T07:57:22Z" name="tearDown" finished-at="2018-12-07T07:57:25Z" duration-ms="2083" status="PASS">
          <reporter-output>
          </reporter-output>
        </test-method> <!-- tearDown -->
      </class> <!-- com.TestCases.VerifyLoginScenarios -->
    </test> <!-- Default test -->
  </suite> <!-- Default suite -->
</testng-results>
