<?xml version="1.0" encoding="UTF-8"?>
<!-- Generated by org.testng.reporters.JUnitReportReporter -->
<testsuite hostname="ucreate73" failures="0" tests="9" name="UITesting.HomePageUI" time="0.359" errors="0" timestamp="12 Dec 2018 10:03:38 GMT" skipped="0">
  <testcase classname="UITesting.HomePageUI" name="getCssValue_TextFontSize_haveyour" time="0.041"/>
  <testcase classname="UITesting.HomePageUI" name="getCssValue__TextFontFamily_haveyour" time="0.036"/>
  <testcase classname="UITesting.HomePageUI" name="getCssValue_TextColor_haveyour" time="0.036"/>
  <testcase classname="UITesting.HomePageUI" name="getCssValue_TextFontSize_findsupplier" time="0.045"/>
  <testcase classname="UITesting.HomePageUI" name="getCssValue__TextFontFamily_findsupplier" time="0.046"/>
  <testcase classname="UITesting.HomePageUI" name="getCssValue_TextColor_findsupplier" time="0.039"/>
  <testcase classname="UITesting.HomePageUI" name="getCssValue_TextFontSize_contract" time="0.044"/>
  <testcase classname="UITesting.HomePageUI" name="getCssValue__TextFontFamily_contract" time="0.036"/>
  <testcase classname="UITesting.HomePageUI" name="getCssValue_TextColor_contract" time="0.036"/>
</testsuite> <!-- UITesting.HomePageUI -->
