<?xml version="1.0" encoding="UTF-8"?>
<testsuite name="VerifyHomepageUI"
           tests="9"
           failures="0"
           errors="0"
           skipped="0"
           time="0.345">
  <properties />
  
  
            <testcase name="getCssValue_TextFontSize_findsupplier" time="0.041" classname="UITesting.HomePageUI" />
                <testcase name="getCssValue_TextColor_findsupplier" time="0.034" classname="UITesting.HomePageUI" />
                <testcase name="getCssValue_TextFontSize_contract" time="0.043" classname="UITesting.HomePageUI" />
                <testcase name="getCssValue__TextFontFamily_haveyour" time="0.037" classname="UITesting.HomePageUI" />
                <testcase name="getCssValue_TextColor_contract" time="0.035" classname="UITesting.HomePageUI" />
                <testcase name="getCssValue__TextFontFamily_contract" time="0.033" classname="UITesting.HomePageUI" />
                <testcase name="getCssValue_TextColor_haveyour" time="0.034" classname="UITesting.HomePageUI" />
                <testcase name="getCssValue__TextFontFamily_findsupplier" time="0.041" classname="UITesting.HomePageUI" />
                <testcase name="getCssValue_TextFontSize_haveyour" time="0.047" classname="UITesting.HomePageUI" />
      
</testsuite>
